C:\Program Files\Microsoft Visual Studio\2022\Community\MSBuild\Microsoft\VC\v170\Microsoft.CppBuild.targets(516,5): warning MSB8004: Intermediate Directory does not end with a trailing slash.  This build instance will add the slash as it is required to allow proper evaluation of the Intermediate Directory.
C:\Program Files\Microsoft Visual Studio\2022\Community\MSBuild\Microsoft\VC\v170\Microsoft.CppBuild.targets(517,5): warning MSB8004: Output Directory does not end with a trailing slash.  This build instance will add the slash as it is required to allow proper evaluation of the Output Directory.
  main.cpp
C:\Users\dsgfhregjhredtj\Desktop\WRGH3ERT-main\usermode\sdk.h(92,32): warning C4244: 'argument': conversion from 'double' to 'float', possible loss of data
  (compiling source file 'main.cpp')
  
C:\Users\dsgfhregjhredtj\Desktop\WRGH3ERT-main\usermode\sdk.h(92,53): warning C4244: 'argument': conversion from 'double' to 'float', possible loss of data
  (compiling source file 'main.cpp')
  
C:\Users\dsgfhregjhredtj\Desktop\WRGH3ERT-main\usermode\sdk.h(92,74): warning C4244: 'argument': conversion from 'double' to 'float', possible loss of data
  (compiling source file 'main.cpp')
  
C:\Users\dsgfhregjhredtj\Desktop\WRGH3ERT-main\usermode\sdk.h(138,22): warning C4244: '=': conversion from 'double' to 'float', possible loss of data
  (compiling source file 'main.cpp')
  
C:\Users\dsgfhregjhredtj\Desktop\WRGH3ERT-main\usermode\sdk.h(139,22): warning C4244: '=': conversion from 'double' to 'float', possible loss of data
  (compiling source file 'main.cpp')
  
C:\Users\dsgfhregjhredtj\Desktop\WRGH3ERT-main\usermode\sdk.h(140,22): warning C4244: '=': conversion from 'double' to 'float', possible loss of data
  (compiling source file 'main.cpp')
  
C:\Users\dsgfhregjhredtj\Desktop\WRGH3ERT-main\usermode\sdk.h(142,12): warning C4244: 'initializing': conversion from 'double' to 'float', possible loss of data
  (compiling source file 'main.cpp')
  
C:\Users\dsgfhregjhredtj\Desktop\WRGH3ERT-main\usermode\sdk.h(143,12): warning C4244: 'initializing': conversion from 'double' to 'float', possible loss of data
  (compiling source file 'main.cpp')
  
C:\Users\dsgfhregjhredtj\Desktop\WRGH3ERT-main\usermode\sdk.h(144,12): warning C4244: 'initializing': conversion from 'double' to 'float', possible loss of data
  (compiling source file 'main.cpp')
  
C:\Users\dsgfhregjhredtj\Desktop\WRGH3ERT-main\usermode\sdk.h(146,13): warning C4244: 'initializing': conversion from 'double' to 'float', possible loss of data
  (compiling source file 'main.cpp')
  
C:\Users\dsgfhregjhredtj\Desktop\WRGH3ERT-main\usermode\sdk.h(147,13): warning C4244: 'initializing': conversion from 'double' to 'float', possible loss of data
  (compiling source file 'main.cpp')
  
C:\Users\dsgfhregjhredtj\Desktop\WRGH3ERT-main\usermode\sdk.h(148,13): warning C4244: 'initializing': conversion from 'double' to 'float', possible loss of data
  (compiling source file 'main.cpp')
  
C:\Users\dsgfhregjhredtj\Desktop\WRGH3ERT-main\usermode\sdk.h(149,32): warning C4244: '=': conversion from 'double' to 'float', possible loss of data
  (compiling source file 'main.cpp')
  
C:\Users\dsgfhregjhredtj\Desktop\WRGH3ERT-main\usermode\sdk.h(150,32): warning C4244: '=': conversion from 'double' to 'float', possible loss of data
  (compiling source file 'main.cpp')
  
C:\Users\dsgfhregjhredtj\Desktop\WRGH3ERT-main\usermode\sdk.h(151,32): warning C4244: '=': conversion from 'double' to 'float', possible loss of data
  (compiling source file 'main.cpp')
  
C:\Users\dsgfhregjhredtj\Desktop\WRGH3ERT-main\usermode\sdk.h(153,13): warning C4244: 'initializing': conversion from 'double' to 'float', possible loss of data
  (compiling source file 'main.cpp')
  
C:\Users\dsgfhregjhredtj\Desktop\WRGH3ERT-main\usermode\sdk.h(154,13): warning C4244: 'initializing': conversion from 'double' to 'float', possible loss of data
  (compiling source file 'main.cpp')
  
C:\Users\dsgfhregjhredtj\Desktop\WRGH3ERT-main\usermode\sdk.h(155,23): warning C4244: '=': conversion from 'double' to 'float', possible loss of data
  (compiling source file 'main.cpp')
  
C:\Users\dsgfhregjhredtj\Desktop\WRGH3ERT-main\usermode\sdk.h(156,23): warning C4244: '=': conversion from 'double' to 'float', possible loss of data
  (compiling source file 'main.cpp')
  
C:\Users\dsgfhregjhredtj\Desktop\WRGH3ERT-main\usermode\sdk.h(158,13): warning C4244: 'initializing': conversion from 'double' to 'float', possible loss of data
  (compiling source file 'main.cpp')
  
C:\Users\dsgfhregjhredtj\Desktop\WRGH3ERT-main\usermode\sdk.h(159,13): warning C4244: 'initializing': conversion from 'double' to 'float', possible loss of data
  (compiling source file 'main.cpp')
  
C:\Users\dsgfhregjhredtj\Desktop\WRGH3ERT-main\usermode\sdk.h(160,23): warning C4244: '=': conversion from 'double' to 'float', possible loss of data
  (compiling source file 'main.cpp')
  
C:\Users\dsgfhregjhredtj\Desktop\WRGH3ERT-main\usermode\sdk.h(161,23): warning C4244: '=': conversion from 'double' to 'float', possible loss of data
  (compiling source file 'main.cpp')
  
C:\Users\dsgfhregjhredtj\Desktop\WRGH3ERT-main\usermode\sdk.h(163,13): warning C4244: 'initializing': conversion from 'double' to 'float', possible loss of data
  (compiling source file 'main.cpp')
  
C:\Users\dsgfhregjhredtj\Desktop\WRGH3ERT-main\usermode\sdk.h(164,13): warning C4244: 'initializing': conversion from 'double' to 'float', possible loss of data
  (compiling source file 'main.cpp')
  
C:\Users\dsgfhregjhredtj\Desktop\WRGH3ERT-main\usermode\sdk.h(165,23): warning C4244: '=': conversion from 'double' to 'float', possible loss of data
  (compiling source file 'main.cpp')
  
C:\Users\dsgfhregjhredtj\Desktop\WRGH3ERT-main\usermode\sdk.h(166,23): warning C4244: '=': conversion from 'double' to 'float', possible loss of data
  (compiling source file 'main.cpp')
  
C:\Users\dsgfhregjhredtj\Desktop\WRGH3ERT-main\usermode\ida.hpp(103,9): warning C4005: 'LOBYTE': macro redefinition
  (compiling source file 'main.cpp')
      C:\Program Files (x86)\Windows Kits\10\Include\10.0.22621.0\shared\minwindef.h(206,9):
      see previous definition of 'LOBYTE'
  
C:\Users\dsgfhregjhredtj\Desktop\WRGH3ERT-main\usermode\ida.hpp(104,9): warning C4005: 'LOWORD': macro redefinition
  (compiling source file 'main.cpp')
      C:\Program Files (x86)\Windows Kits\10\Include\10.0.22621.0\shared\minwindef.h(204,9):
      see previous definition of 'LOWORD'
  
C:\Users\dsgfhregjhredtj\Desktop\WRGH3ERT-main\usermode\ida.hpp(106,9): warning C4005: 'HIBYTE': macro redefinition
  (compiling source file 'main.cpp')
      C:\Program Files (x86)\Windows Kits\10\Include\10.0.22621.0\shared\minwindef.h(207,9):
      see previous definition of 'HIBYTE'
  
C:\Users\dsgfhregjhredtj\Desktop\WRGH3ERT-main\usermode\Classes.h(380,18): warning C4244: 'initializing': conversion from 'double' to 'float', possible loss of data
  (compiling source file 'main.cpp')
  
C:\Users\dsgfhregjhredtj\Desktop\WRGH3ERT-main\usermode\Classes.h(381,16): warning C4244: 'initializing': conversion from 'double' to 'float', possible loss of data
  (compiling source file 'main.cpp')
  
C:\Users\dsgfhregjhredtj\Desktop\WRGH3ERT-main\usermode\Classes.h(382,17): warning C4244: 'initializing': conversion from 'double' to 'float', possible loss of data
  (compiling source file 'main.cpp')
  
C:\Users\dsgfhregjhredtj\Desktop\WRGH3ERT-main\usermode\Classes.h(407,26): warning C4244: '=': conversion from 'double' to 'float', possible loss of data
  (compiling source file 'main.cpp')
  
C:\Users\dsgfhregjhredtj\Desktop\WRGH3ERT-main\usermode\Classes.h(408,26): warning C4244: '=': conversion from 'double' to 'float', possible loss of data
  (compiling source file 'main.cpp')
  
C:\Users\dsgfhregjhredtj\Desktop\WRGH3ERT-main\usermode\Classes.h(409,26): warning C4244: '=': conversion from 'double' to 'float', possible loss of data
  (compiling source file 'main.cpp')
  
C:\Users\dsgfhregjhredtj\Desktop\WRGH3ERT-main\usermode\main.cpp(325,66): warning C4244: 'argument': conversion from 'double' to 'float', possible loss of data
C:\Users\dsgfhregjhredtj\Desktop\WRGH3ERT-main\usermode\main.cpp(325,59): warning C4244: 'argument': conversion from 'double' to 'float', possible loss of data
C:\Users\dsgfhregjhredtj\Desktop\WRGH3ERT-main\usermode\main.cpp(325,44): warning C4244: 'argument': conversion from 'double' to 'float', possible loss of data
C:\Users\dsgfhregjhredtj\Desktop\WRGH3ERT-main\usermode\main.cpp(325,35): warning C4244: 'argument': conversion from 'double' to 'float', possible loss of data
C:\Users\dsgfhregjhredtj\Desktop\WRGH3ERT-main\usermode\main.cpp(330,88): warning C4244: 'argument': conversion from 'int' to 'float', possible loss of data
C:\Users\dsgfhregjhredtj\Desktop\WRGH3ERT-main\usermode\main.cpp(331,100): warning C4244: 'argument': conversion from 'int' to 'float', possible loss of data
C:\Users\dsgfhregjhredtj\Desktop\WRGH3ERT-main\usermode\main.cpp(332,100): warning C4244: 'argument': conversion from 'int' to 'float', possible loss of data
C:\Users\dsgfhregjhredtj\Desktop\WRGH3ERT-main\usermode\main.cpp(333,88): warning C4244: 'argument': conversion from 'int' to 'float', possible loss of data
C:\Users\dsgfhregjhredtj\Desktop\WRGH3ERT-main\usermode\main.cpp(538,19): warning C4244: '=': conversion from 'float' to 'LONG', possible loss of data
C:\Users\dsgfhregjhredtj\Desktop\WRGH3ERT-main\usermode\main.cpp(539,19): warning C4244: '=': conversion from 'float' to 'LONG', possible loss of data
C:\Users\dsgfhregjhredtj\Desktop\WRGH3ERT-main\usermode\main.cpp(561,21): warning C4244: 'initializing': conversion from 'double' to 'float', possible loss of data
C:\Users\dsgfhregjhredtj\Desktop\WRGH3ERT-main\usermode\main.cpp(580,13): warning C4244: 'initializing': conversion from 'double' to 'float', possible loss of data
C:\Users\dsgfhregjhredtj\Desktop\WRGH3ERT-main\usermode\main.cpp(581,13): warning C4244: 'initializing': conversion from 'double' to 'float', possible loss of data
C:\Users\dsgfhregjhredtj\Desktop\WRGH3ERT-main\usermode\main.cpp(648,23): warning C4018: '<': signed/unsigned mismatch
C:\Users\dsgfhregjhredtj\Desktop\WRGH3ERT-main\usermode\main.cpp(660,23): warning C4018: '<': signed/unsigned mismatch
C:\Users\dsgfhregjhredtj\Desktop\WRGH3ERT-main\usermode\main.cpp(682,25): warning C4244: 'initializing': conversion from 'double' to 'float', possible loss of data
C:\Users\dsgfhregjhredtj\Desktop\WRGH3ERT-main\usermode\main.cpp(683,28): warning C4244: 'initializing': conversion from 'double' to 'float', possible loss of data
C:\Users\dsgfhregjhredtj\Desktop\WRGH3ERT-main\usermode\main.cpp(684,27): warning C4244: 'initializing': conversion from 'double' to 'float', possible loss of data
C:\Users\dsgfhregjhredtj\Desktop\WRGH3ERT-main\usermode\main.cpp(686,24): warning C4244: 'initializing': conversion from 'double' to 'float', possible loss of data
C:\Users\dsgfhregjhredtj\Desktop\WRGH3ERT-main\usermode\main.cpp(704,127): warning C4244: 'argument': conversion from 'int' to 'float', possible loss of data
C:\Users\dsgfhregjhredtj\Desktop\WRGH3ERT-main\usermode\main.cpp(705,151): warning C4244: 'argument': conversion from 'double' to 'int', possible loss of data
C:\Users\dsgfhregjhredtj\Desktop\WRGH3ERT-main\usermode\main.cpp(705,115): warning C4244: 'argument': conversion from 'float' to 'int', possible loss of data
C:\Users\dsgfhregjhredtj\Desktop\WRGH3ERT-main\usermode\main.cpp(705,102): warning C4244: 'argument': conversion from 'float' to 'int', possible loss of data
C:\Users\dsgfhregjhredtj\Desktop\WRGH3ERT-main\usermode\main.cpp(705,80): warning C4244: 'argument': conversion from 'double' to 'int', possible loss of data
C:\Users\dsgfhregjhredtj\Desktop\WRGH3ERT-main\usermode\main.cpp(705,50): warning C4244: 'argument': conversion from 'double' to 'int', possible loss of data
C:\Users\dsgfhregjhredtj\Desktop\WRGH3ERT-main\usermode\main.cpp(708,123): warning C4244: 'argument': conversion from 'float' to 'int', possible loss of data
C:\Users\dsgfhregjhredtj\Desktop\WRGH3ERT-main\usermode\main.cpp(708,95): warning C4244: 'argument': conversion from 'float' to 'int', possible loss of data
C:\Users\dsgfhregjhredtj\Desktop\WRGH3ERT-main\usermode\main.cpp(708,82): warning C4244: 'argument': conversion from 'float' to 'int', possible loss of data
C:\Users\dsgfhregjhredtj\Desktop\WRGH3ERT-main\usermode\main.cpp(708,60): warning C4244: 'argument': conversion from 'double' to 'int', possible loss of data
C:\Users\dsgfhregjhredtj\Desktop\WRGH3ERT-main\usermode\main.cpp(708,30): warning C4244: 'argument': conversion from 'double' to 'int', possible loss of data
C:\Users\dsgfhregjhredtj\Desktop\WRGH3ERT-main\usermode\main.cpp(815,101): warning C4244: 'argument': conversion from 'double' to 'float', possible loss of data
C:\Users\dsgfhregjhredtj\Desktop\WRGH3ERT-main\usermode\main.cpp(815,78): warning C4244: 'argument': conversion from 'double' to 'float', possible loss of data
C:\Users\dsgfhregjhredtj\Desktop\WRGH3ERT-main\usermode\main.cpp(820,23): warning C4244: 'initializing': conversion from 'double' to 'float', possible loss of data
C:\Users\dsgfhregjhredtj\Desktop\WRGH3ERT-main\usermode\main.cpp(827,29): warning C4244: 'initializing': conversion from 'double' to 'float', possible loss of data
C:\Users\dsgfhregjhredtj\Desktop\WRGH3ERT-main\usermode\main.cpp(862,29): warning C4244: 'initializing': conversion from 'double' to 'float', possible loss of data
C:\Users\dsgfhregjhredtj\Desktop\WRGH3ERT-main\usermode\main.cpp(875,29): warning C4244: 'initializing': conversion from 'double' to 'float', possible loss of data
C:\Users\dsgfhregjhredtj\Desktop\WRGH3ERT-main\usermode\main.cpp(888,29): warning C4244: 'initializing': conversion from 'double' to 'float', possible loss of data
C:\Users\dsgfhregjhredtj\Desktop\WRGH3ERT-main\usermode\main.cpp(899,120): warning C4244: 'argument': conversion from 'double' to 'float', possible loss of data
C:\Users\dsgfhregjhredtj\Desktop\WRGH3ERT-main\usermode\main.cpp(899,108): warning C4244: 'argument': conversion from 'double' to 'float', possible loss of data
C:\Users\dsgfhregjhredtj\Desktop\WRGH3ERT-main\usermode\main.cpp(907,39): warning C4244: '=': conversion from 'double' to 'float', possible loss of data
C:\Users\dsgfhregjhredtj\Desktop\WRGH3ERT-main\usermode\main.cpp(949,29): warning C4244: '=': conversion from 'LONG' to 'float', possible loss of data
C:\Users\dsgfhregjhredtj\Desktop\WRGH3ERT-main\usermode\main.cpp(950,29): warning C4244: '=': conversion from 'LONG' to 'float', possible loss of data
C:\Program Files\Microsoft Visual Studio\2022\Community\VC\Tools\MSVC\14.41.34120\include\xutility(4689,18): warning C4244: '=': conversion from 'char16_t' to 'char', possible loss of data
  (compiling source file 'main.cpp')
      C:\Program Files\Microsoft Visual Studio\2022\Community\VC\Tools\MSVC\14.41.34120\include\xutility(4689,18):
      the template instantiation context (the oldest one first) is
          C:\Users\dsgfhregjhredtj\Desktop\WRGH3ERT-main\usermode\Classes.h(292,23):
          see reference to function template instantiation 'std::basic_string<char,std::char_traits<char>,std::allocator<char>>::basic_string<std::_String_iterator<std::_String_val<std::_Simple_types<_Elem>>>,0>(_Iter,_Iter,const _Alloc &)' being compiled
          with
          [
              _Elem=char16_t,
              _Iter=std::_String_iterator<std::_String_val<std::_Simple_types<char16_t>>>,
              _Alloc=std::allocator<char>
          ]
              C:\Users\dsgfhregjhredtj\Desktop\WRGH3ERT-main\usermode\Classes.h(292,5):
              see the first reference to 'std::basic_string<char,std::char_traits<char>,std::allocator<char>>::basic_string' in 'AFortPlayerState::GetPlayerName'
          C:\Program Files\Microsoft Visual Studio\2022\Community\VC\Tools\MSVC\14.41.34120\include\xstring(793,17):
          see reference to function template instantiation 'void std::basic_string<char,std::char_traits<char>,std::allocator<char>>::_Construct_from_iter<char16_t*,char16_t*,_Size_type>(_Iter,const _Sent,_Size)' being compiled
          with
          [
              _Size_type=unsigned __int64,
              _Iter=char16_t *,
              _Sent=char16_t *,
              _Size=unsigned __int64
          ]
          C:\Program Files\Microsoft Visual Studio\2022\Community\VC\Tools\MSVC\14.41.34120\include\xstring(949,18):
          see reference to function template instantiation '_OutIt *std::_Copy_n_unchecked4<char16_t*,_Size,char*>(_InIt,_SizeTy,_OutIt)' being compiled
          with
          [
              _OutIt=char *,
              _Size=unsigned __int64,
              _InIt=char16_t *,
              _SizeTy=unsigned __int64
          ]
  
C:\Program Files\Microsoft Visual Studio\2022\Community\VC\Tools\MSVC\14.41.34120\include\xutility(4689,18): warning C4244: '=': conversion from 'wchar_t' to 'char', possible loss of data
  (compiling source file 'main.cpp')
      C:\Program Files\Microsoft Visual Studio\2022\Community\VC\Tools\MSVC\14.41.34120\include\xutility(4689,18):
      the template instantiation context (the oldest one first) is
          C:\Users\dsgfhregjhredtj\Desktop\WRGH3ERT-main\usermode\Classes.h(317,40):
          see reference to function template instantiation 'std::basic_string<char,std::char_traits<char>,std::allocator<char>>::basic_string<std::_String_iterator<std::_String_val<std::_Simple_types<_Elem>>>,0>(_Iter,_Iter,const _Alloc &)' being compiled
          with
          [
              _Elem=wchar_t,
              _Iter=std::_String_iterator<std::_String_val<std::_Simple_types<wchar_t>>>,
              _Alloc=std::allocator<char>
          ]
              C:\Users\dsgfhregjhredtj\Desktop\WRGH3ERT-main\usermode\Classes.h(317,28):
              see the first reference to 'std::basic_string<char,std::char_traits<char>,std::allocator<char>>::basic_string' in 'UFortItemDefinition::ItemName'
          C:\Program Files\Microsoft Visual Studio\2022\Community\VC\Tools\MSVC\14.41.34120\include\xstring(793,17):
          see reference to function template instantiation 'void std::basic_string<char,std::char_traits<char>,std::allocator<char>>::_Construct_from_iter<wchar_t*,wchar_t*,_Size_type>(_Iter,const _Sent,_Size)' being compiled
          with
          [
              _Size_type=unsigned __int64,
              _Iter=wchar_t *,
              _Sent=wchar_t *,
              _Size=unsigned __int64
          ]
          C:\Program Files\Microsoft Visual Studio\2022\Community\VC\Tools\MSVC\14.41.34120\include\xstring(949,18):
          see reference to function template instantiation '_OutIt *std::_Copy_n_unchecked4<wchar_t*,_Size,char*>(_InIt,_SizeTy,_OutIt)' being compiled
          with
          [
              _OutIt=char *,
              _Size=unsigned __int64,
              _InIt=wchar_t *,
              _SizeTy=unsigned __int64
          ]
  
  Generating code
  3 of 1655 functions ( 0.2%) were compiled, the rest were copied from previous compilation.
    0 functions were new in current compilation
    15 functions had inline decision re-evaluated but remain unchanged
  Finished generating code
  usermode.vcxproj -> C:\Users\dsgfhregjhredtj\Desktop\WRGH3ERT-main\build\usermode\usermode.exe
